<?xml version="1.0" encoding="UTF-8"?>
<!-- Generated by org.testng.reporters.JUnitReportReporter -->
<testsuite name="parameters.ParameterDataproviderWithClassLevel" tests="3" time="16.540" ignored="0" failures="0" timestamp="07 Dec 2016 05:53:12 GMT" skipped="0" hostname="perpc1302" errors="0">
  <testcase name="testMethod" time="5.251" classname="parameters.ParameterDataproviderWithClassLevel"/>
  <testcase name="testMethod" time="5.479" classname="parameters.ParameterDataproviderWithClassLevel"/>
  <testcase name="testMethod" time="5.810" classname="parameters.ParameterDataproviderWithClassLevel"/>
</testsuite> <!-- parameters.ParameterDataproviderWithClassLevel -->
